Arguments: 
  /usr/bin/node /usr/share/yarn/bin/yarn.js add babel-cli babel-preset-env babel-prset-stage-3 --dev

PATH: 
  /home/ubuntu/anaconda3/bin:/home/ubuntu/anaconda3/condabin:/usr/local/sbin:/usr/local/bin:/usr/sbin:/usr/bin:/sbin:/bin:/usr/games:/usr/local/games:/snap/bin:/usr/local/go/bin

Yarn version: 
  1.22.4

Node version: 
  12.15.0

Platform: 
  linux x64

Trace: 
  Error: https://registry.yarnpkg.com/babel-prset-stage-3: Not found
      at Request.params.callback [as _callback] (/usr/share/yarn/lib/cli.js:66987:18)
      at Request.self.callback (/usr/share/yarn/lib/cli.js:140748:22)
      at Request.emit (events.js:223:5)
      at Request.<anonymous> (/usr/share/yarn/lib/cli.js:141720:10)
      at Request.emit (events.js:223:5)
      at IncomingMessage.<anonymous> (/usr/share/yarn/lib/cli.js:141642:12)
      at Object.onceWrapper (events.js:312:28)
      at IncomingMessage.emit (events.js:228:7)
      at endReadableNT (_stream_readable.js:1185:12)
      at processTicksAndRejections (internal/process/task_queues.js:81:21)

npm manifest: 
  {
    "devDependencies": {
      "babel-node": "^0.0.1-security"
    }
  }

yarn manifest: 
  No manifest

Lockfile: 
  # THIS IS AN AUTOGENERATED FILE. DO NOT EDIT THIS FILE DIRECTLY.
  # yarn lockfile v1
  
  
  babel-node@^0.0.1-security:
    version "0.0.1-security"
    resolved "https://registry.yarnpkg.com/babel-node/-/babel-node-0.0.1-security.tgz#cbff6d9e7a2acb4065c1839c234d5c57091d7217"
    integrity sha512-zF3D9H2FA2xrP+B/X462G+38aHpmR+33jBF7NowfPuV4CiPEzAR1Typ1RC+qPfe0vCeWeV0FLG2pfVGb0vIfeg==
